#
# A fatal error has been detected by the Java Runtime Environment:
#
#  SIGSEGV (0xb) at pc=0x0000000105a81844, pid=2324, tid=0x0000000000004503
#
# JRE version: Java(TM) SE Runtime Environment (8.0_131-b11) (build 1.8.0_131-b11)
# Java VM: Java HotSpot(TM) 64-Bit Server VM (25.131-b11 mixed mode bsd-amd64 compressed oops)
# Problematic frame:
# V  [libjvm.dylib+0x281844]
#
# Failed to write core dump. Core dumps have been disabled. To enable core dumping, try "ulimit -c unlimited" before starting Java again
#
# If you would like to submit a bug report, please visit:
#   http://bugreport.java.com/bugreport/crash.jsp
#

---------------  T H R E A D  ---------------

Current thread (0x00007f924f00f000):  JavaThread "C2 CompilerThread1" daemon [_thread_in_native, id=17667, stack(0x000070001041f000,0x000070001051f000)]

siginfo: si_signo: 11 (SIGSEGV), si_code: 1 (SEGV_MAPERR), si_addr: 0x0000000000000006

Registers:
RAX=0x000070001051e118, RBX=0x00007f92535600c8, RCX=0x0000000000000008, RDX=0x000000011cd17010
RSP=0x000070001051b8b0, RBP=0x000070001051b8d0, RSI=0x00007f92535600c8, RDI=0x000070001051c610
R8 =0x00007f9253560640, R9 =0x0000000000004977, R10=0x0000000106037210, R11=0xfffffffffb783390
R12=0x0000000000000000, R13=0x00007f92535600c8, R14=0x000070001051c610, R15=0x0000000000000006
RIP=0x0000000105a81844, EFLAGS=0x0000000000010202, ERR=0x0000000000000004
  TRAPNO=0x000000000000000e

Top of Stack: (sp=0x000070001051b8b0)
0x000070001051b8b0:   000070001051b970 000070001051b970
0x000070001051b8c0:   00007f92535600c8 000070001051c610
0x000070001051b8d0:   000070001051b940 0000000105a81a24
0x000070001051b8e0:   000070001051b920 000070001051c668
0x000070001051b8f0:   000070001051b990 000000011db04050
0x000070001051b900:   000000011db24090 000000011db04010
0x000070001051b910:   00007f924e50f0e0 000070001051c610
0x000070001051b920:   00007f9250cf8af0 000070001051df80
0x000070001051b930:   0000000000001c34 000070001051b990
0x000070001051b940:   000070001051ba00 0000000105a820aa
0x000070001051b950:   000070001051b980 00007f92531bb700
0x000070001051b960:   000070001051b980 0000000105a7f972
0x000070001051b970:   00007f924e50f0e0 0000700000002000
0x000070001051b980:   00007f9254ce1a10 0000000100000107
0x000070001051b990:   00000001060d9d60 00007f924e50f0e0
0x000070001051b9a0:   0000000000000200 00007f9253723a10
0x000070001051b9b0:   00007f924e50f0e0 00007f9253160800
0x000070001051b9c0:   00007f9253164d10 00007f92531687e8
0x000070001051b9d0:   00000000002a79d0 000070001051c610
0x000070001051b9e0:   000070001051c610 00007f9250cf8af0
0x000070001051b9f0:   000070001051c610 000070001051c498
0x000070001051ba00:   000070001051ba20 0000000105a82354
0x000070001051ba10:   000070001051c610 000070001051df80
0x000070001051ba20:   000070001051d340 00000001059af95b
0x000070001051ba30:   0000000000000000 0000000000000000
0x000070001051ba40:   0000000000000000 0000000000000000
0x000070001051ba50:   0000000000000000 0000000000000000
0x000070001051ba60:   0000000000000000 0000000000000000
0x000070001051ba70:   0000000000000000 0000000000000000
0x000070001051ba80:   0000000000000000 0000000000000000
0x000070001051ba90:   0000000000000000 0000000000000000
0x000070001051baa0:   0000000000000000 0000000000000000 

Instructions: (pc=0x0000000105a81844)
0x0000000105a81824:   41 5e 41 5f 5d c3 55 48 89 e5 41 57 41 56 53 48
0x0000000105a81834:   83 ec 08 48 89 f3 49 89 fe 48 8b 43 08 4c 8b 38
0x0000000105a81844:   49 8b 07 4c 89 ff ff 50 20 48 85 c0 74 78 48 39
0x0000000105a81854:   d8 74 73 41 8b 47 28 49 8b 4e 68 48 8b 04 c1 8b 

Register to memory mapping:

RAX=0x000070001051e118 is pointing into the stack for thread: 0x00007f924f00f000
RBX=0x00007f92535600c8 is an unknown value
RCX=0x0000000000000008 is an unknown value
RDX=0x000000011cd17010 is an unknown value
RSP=0x000070001051b8b0 is pointing into the stack for thread: 0x00007f924f00f000
RBP=0x000070001051b8d0 is pointing into the stack for thread: 0x00007f924f00f000
RSI=0x00007f92535600c8 is an unknown value
RDI=0x000070001051c610 is pointing into the stack for thread: 0x00007f924f00f000
R8 =0x00007f9253560640 is an unknown value
R9 =0x0000000000004977 is an unknown value
R10=0x0000000106037210: _ZL8tc_mutex+0x20 in /Library/Java/JavaVirtualMachines/jdk1.8.0_131.jdk/Contents/Home/jre/lib/server/libjvm.dylib at 0x0000000105800000
R11=0xfffffffffb783390 is an unknown value
R12=0x0000000000000000 is an unknown value
R13=0x00007f92535600c8 is an unknown value
R14=0x000070001051c610 is pointing into the stack for thread: 0x00007f924f00f000
R15=0x0000000000000006 is an unknown value


Stack: [0x000070001041f000,0x000070001051f000],  sp=0x000070001051b8b0,  free space=1010k
Native frames: (J=compiled Java code, j=interpreted, Vv=VM code, C=native code)
V  [libjvm.dylib+0x281844]
V  [libjvm.dylib+0x281a24]
V  [libjvm.dylib+0x2820aa]
V  [libjvm.dylib+0x282354]
V  [libjvm.dylib+0x1af95b]
V  [libjvm.dylib+0x1b3b65]
V  [libjvm.dylib+0x150ffe]
V  [libjvm.dylib+0x1b71f8]
V  [libjvm.dylib+0x1b973f]
V  [libjvm.dylib+0x56b87f]
V  [libjvm.dylib+0x56cf6c]
V  [libjvm.dylib+0x48b376]
C  [libsystem_pthread.dylib+0x393b]  _pthread_body+0xb4
C  [libsystem_pthread.dylib+0x3887]  _pthread_body+0x0
C  [libsystem_pthread.dylib+0x308d]  thread_start+0xd
C  0x0000000000000000


Current CompileTask:
C2: 174680 8015       4       org.gradle.model.internal.type.ModelType::wrap (219 bytes)


---------------  P R O C E S S  ---------------

Java Threads: ( => current thread )
  0x00007f9253bcc000 JavaThread "Cache worker for task history cache (/Users/android/Downloads/android3_5/.gradle/4.1/taskHistory)" [_thread_blocked, id=28419, stack(0x0000700011a61000,0x0000700011b61000)]
  0x00007f924f9a3800 JavaThread "Cache worker for file content cache (/Users/android/Downloads/android3_5/.gradle/4.1/fileContent)" [_thread_blocked, id=27907, stack(0x000070001195e000,0x0000700011a5e000)]
  0x00007f9253051000 JavaThread "Memory manager" [_thread_blocked, id=27395, stack(0x000070001185b000,0x000070001195b000)]
  0x00007f924f992000 JavaThread "pool-1-thread-1" [_thread_blocked, id=22791, stack(0x0000700010f40000,0x0000700011040000)]
  0x00007f92534c7800 JavaThread "build operations Thread 4" [_thread_blocked, id=26883, stack(0x0000700011758000,0x0000700011858000)]
  0x00007f9254811800 JavaThread "build operations Thread 3" [_thread_blocked, id=26371, stack(0x0000700011655000,0x0000700011755000)]
  0x00007f9254810800 JavaThread "build operations Thread 2" [_thread_blocked, id=25859, stack(0x0000700011552000,0x0000700011652000)]
  0x00007f9253c1e000 JavaThread "build operations" [_thread_blocked, id=25347, stack(0x000070001144f000,0x000070001154f000)]
  0x00007f925454b000 JavaThread "Cache worker for Artifact transforms cache (/Users/android/.gradle/caches/transforms-1)" [_thread_blocked, id=24835, stack(0x000070001134c000,0x000070001144c000)]
  0x00007f924f20a000 JavaThread "Cache worker for file hash cache (/Users/android/Downloads/android3_5/.gradle/4.1/fileHashes)" [_thread_blocked, id=24323, stack(0x0000700011249000,0x0000700011349000)]
  0x00007f92503de800 JavaThread "File lock request listener" [_thread_in_native, id=23811, stack(0x0000700011146000,0x0000700011246000)]
  0x00007f924f990800 JavaThread "Cache worker for file hash cache (/Users/android/.gradle/caches/4.1/fileHashes)" [_thread_blocked, id=23299, stack(0x0000700011043000,0x0000700011143000)]
  0x00007f924f209800 JavaThread "Asynchronous log dispatcher for DefaultDaemonConnection: socket connection from /127.0.0.1:49742 to /127.0.0.1:49743" [_thread_blocked, id=22275, stack(0x0000700010e3d000,0x0000700010f3d000)]
  0x00007f924e936000 JavaThread "Daemon worker" [_thread_in_native, id=21763, stack(0x0000700010d3a000,0x0000700010e3a000)]
  0x00007f924f3b6800 JavaThread "Cancel handler" [_thread_blocked, id=21251, stack(0x0000700010c37000,0x0000700010d37000)]
  0x00007f925019b800 JavaThread "Handler for socket connection from /127.0.0.1:49742 to /127.0.0.1:49743" [_thread_in_native, id=20739, stack(0x0000700010b34000,0x0000700010c34000)]
  0x00007f924e92e800 JavaThread "Daemon" [_thread_blocked, id=20227, stack(0x0000700010a31000,0x0000700010b31000)]
  0x00007f9250253000 JavaThread "Daemon periodic checks" [_thread_blocked, id=19715, stack(0x000070001092e000,0x0000700010a2e000)]
  0x00007f924fa48000 JavaThread "Incoming local TCP Connector on port 49742" [_thread_in_native, id=4103, stack(0x000070001082b000,0x000070001092b000)]
  0x00007f924fbc2800 JavaThread "Daemon health stats" [_thread_blocked, id=4615, stack(0x000070000f878000,0x000070000f978000)]
  0x00007f924e833800 JavaThread "Service Thread" daemon [_thread_blocked, id=18691, stack(0x0000700010625000,0x0000700010725000)]
  0x00007f9250017800 JavaThread "C1 CompilerThread2" daemon [_thread_blocked, id=18179, stack(0x0000700010522000,0x0000700010622000)]
=>0x00007f924f00f000 JavaThread "C2 CompilerThread1" daemon [_thread_in_native, id=17667, stack(0x000070001041f000,0x000070001051f000)]
  0x00007f924f000800 JavaThread "C2 CompilerThread0" daemon [_thread_blocked, id=17155, stack(0x000070001031c000,0x000070001041c000)]
  0x00007f924f829800 JavaThread "Signal Dispatcher" daemon [_thread_blocked, id=16643, stack(0x0000700010219000,0x0000700010319000)]
  0x00007f924f00e000 JavaThread "Finalizer" daemon [_thread_blocked, id=12291, stack(0x0000700010093000,0x0000700010193000)]
  0x00007f924f00b000 JavaThread "Reference Handler" daemon [_thread_blocked, id=11779, stack(0x000070000ff90000,0x0000700010090000)]
  0x00007f924f002800 JavaThread "main" [_thread_blocked, id=6915, stack(0x000070000f97e000,0x000070000fa7e000)]

Other Threads:
  0x00007f924f831000 VMThread [stack: 0x000070000fe8d000,0x000070000ff8d000] [id=11267]
  0x00007f9250019000 WatcherThread [stack: 0x0000700010728000,0x0000700010828000] [id=19203]

VM state:at safepoint (normal execution)

VM Mutex/Monitor currently owned by a thread:  ([mutex/lock_event])
[0x00007f924e40f680] Safepoint_lock - owner thread: 0x00007f924f831000
[0x00007f924e40f700] Threads_lock - owner thread: 0x00007f924f831000
[0x00007f924e40fc00] Heap_lock - owner thread: 0x00007f924e936000

Heap:
 PSYoungGen      total 72192K, used 72189K [0x00000007a0000000, 0x00000007a5e00000, 0x00000007c0000000)
  eden space 53248K, 100% used [0x00000007a0000000,0x00000007a3400000,0x00000007a3400000)
  from space 18944K, 99% used [0x00000007a3500000,0x00000007a477f540,0x00000007a4780000)
  to   space 21504K, 99% used [0x00000007a4900000,0x00000007a5dff4e0,0x00000007a5e00000)
 ParOldGen       total 81408K, used 18468K [0x0000000760000000, 0x0000000764f80000, 0x00000007a0000000)
  object space 81408K, 22% used [0x0000000760000000,0x0000000761209210,0x0000000764f80000)
 Metaspace       used 55534K, capacity 57478K, committed 57648K, reserved 1099776K
  class space    used 7703K, capacity 8195K, committed 8240K, reserved 1048576K

Card table byte_map: [0x0000000106b63000,0x0000000106e64000] byte_map_base: 0x0000000103063000

Marking Bits: (ParMarkBitMap*) 0x00000001060f1ea0
 Begin Bits: [0x0000000118277000, 0x0000000119a77000)
 End Bits:   [0x0000000119a77000, 0x000000011b277000)

Polling page: 0x0000000104ed4000

CodeCache: size=245760Kb used=23007Kb max_used=23232Kb free=222752Kb
 bounds [0x0000000109277000, 0x000000010a957000, 0x0000000118277000]
 total_blobs=7647 nmethods=6893 adapters=666
 compilation: enabled

Compilation events (10 events):
Event: 174.034 Thread 0x00007f9250017800 8014       3       org.gradle.util.Path::createFullPath (68 bytes)
Event: 174.035 Thread 0x00007f9250017800 nmethod 8014 0x000000010a241ad0 code [0x000000010a241cc0, 0x000000010a242678]
Event: 174.035 Thread 0x00007f9250017800 8012       1       org.gradle.api.internal.AbstractTask::getDescription (5 bytes)
Event: 174.035 Thread 0x00007f9250017800 nmethod 8012 0x000000010a241810 code [0x000000010a241960, 0x000000010a241a70]
Event: 174.035 Thread 0x00007f9250017800 8013       1       org.gradle.tooling.internal.gradle.DefaultGradleProject::getProjectIdentifier (5 bytes)
Event: 174.035 Thread 0x00007f9250017800 nmethod 8013 0x000000010a241550 code [0x000000010a2416a0, 0x000000010a2417b0]
Event: 174.042 Thread 0x00007f924f00f000 8015       4       org.gradle.model.internal.type.ModelType::wrap (219 bytes)
Event: 174.055 Thread 0x00007f9250017800 8016   !   3       com.sun.proxy.$Proxy48::annotationType (29 bytes)
Event: 174.055 Thread 0x00007f9250017800 nmethod 8016 0x0000000109fd2690 code [0x0000000109fd2820, 0x0000000109fd2c58]
Event: 174.143 Thread 0x00007f924f000800 nmethod 8000 0x000000010a524b10 code [0x000000010a525040, 0x000000010a528740]

GC Heap History (10 events):
Event: 132.790 GC heap before
{Heap before GC invocations=11 (full 2):
 PSYoungGen      total 72192K, used 70239K [0x00000007a0000000, 0x00000007a5380000, 0x00000007c0000000)
  eden space 59904K, 100% used [0x00000007a0000000,0x00000007a3a80000,0x00000007a3a80000)
  from space 12288K, 84% used [0x00000007a4780000,0x00000007a5197ca8,0x00000007a5380000)
  to   space 12800K, 0% used [0x00000007a3a80000,0x00000007a3a80000,0x00000007a4700000)
 ParOldGen       total 81408K, used 15988K [0x0000000760000000, 0x0000000764f80000, 0x00000007a0000000)
  object space 81408K, 19% used [0x0000000760000000,0x0000000760f9d040,0x0000000764f80000)
 Metaspace       used 46615K, capacity 47804K, committed 48048K, reserved 1091584K
  class space    used 6387K, capacity 6725K, committed 6832K, reserved 1048576K
Event: 132.806 GC heap after
Heap after GC invocations=11 (full 2):
 PSYoungGen      total 71680K, used 11883K [0x00000007a0000000, 0x00000007a5480000, 0x00000007c0000000)
  eden space 58880K, 0% used [0x00000007a0000000,0x00000007a0000000,0x00000007a3980000)
  from space 12800K, 92% used [0x00000007a3a80000,0x00000007a461af68,0x00000007a4700000)
  to   space 13824K, 0% used [0x00000007a4700000,0x00000007a4700000,0x00000007a5480000)
 ParOldGen       total 81408K, used 15996K [0x0000000760000000, 0x0000000764f80000, 0x00000007a0000000)
  object space 81408K, 19% used [0x0000000760000000,0x0000000760f9f040,0x0000000764f80000)
 Metaspace       used 46615K, capacity 47804K, committed 48048K, reserved 1091584K
  class space    used 6387K, capacity 6725K, committed 6832K, reserved 1048576K
}
Event: 135.310 GC heap before
{Heap before GC invocations=12 (full 2):
 PSYoungGen      total 71680K, used 70763K [0x00000007a0000000, 0x00000007a5480000, 0x00000007c0000000)
  eden space 58880K, 100% used [0x00000007a0000000,0x00000007a3980000,0x00000007a3980000)
  from space 12800K, 92% used [0x00000007a3a80000,0x00000007a461af68,0x00000007a4700000)
  to   space 13824K, 0% used [0x00000007a4700000,0x00000007a4700000,0x00000007a5480000)
 ParOldGen       total 81408K, used 15996K [0x0000000760000000, 0x0000000764f80000, 0x00000007a0000000)
  object space 81408K, 19% used [0x0000000760000000,0x0000000760f9f040,0x0000000764f80000)
 Metaspace       used 46939K, capacity 48078K, committed 48304K, reserved 1091584K
  class space    used 6407K, capacity 6740K, committed 6832K, reserved 1048576K
Event: 135.324 GC heap after
Heap after GC invocations=12 (full 2):
 PSYoungGen      total 71680K, used 12514K [0x00000007a0000000, 0x00000007a5580000, 0x00000007c0000000)
  eden space 57856K, 0% used [0x00000007a0000000,0x00000007a0000000,0x00000007a3880000)
  from space 13824K, 90% used [0x00000007a4700000,0x00000007a53389a8,0x00000007a5480000)
  to   space 14848K, 0% used [0x00000007a3880000,0x00000007a3880000,0x00000007a4700000)
 ParOldGen       total 81408K, used 15996K [0x0000000760000000, 0x0000000764f80000, 0x00000007a0000000)
  object space 81408K, 19% used [0x0000000760000000,0x0000000760f9f040,0x0000000764f80000)
 Metaspace       used 46939K, capacity 48078K, committed 48304K, reserved 1091584K
  class space    used 6407K, capacity 6740K, committed 6832K, reserved 1048576K
}
Event: 145.188 GC heap before
{Heap before GC invocations=13 (full 2):
 PSYoungGen      total 71680K, used 70370K [0x00000007a0000000, 0x00000007a5580000, 0x00000007c0000000)
  eden space 57856K, 100% used [0x00000007a0000000,0x00000007a3880000,0x00000007a3880000)
  from space 13824K, 90% used [0x00000007a4700000,0x00000007a53389a8,0x00000007a5480000)
  to   space 14848K, 0% used [0x00000007a3880000,0x00000007a3880000,0x00000007a4700000)
 ParOldGen       total 81408K, used 15996K [0x0000000760000000, 0x0000000764f80000, 0x00000007a0000000)
  object space 81408K, 19% used [0x0000000760000000,0x0000000760f9f040,0x0000000764f80000)
 Metaspace       used 49951K, capacity 51434K, committed 51632K, reserved 1093632K
  class space    used 6835K, capacity 7246K, committed 7344K, reserved 1048576K
Event: 145.216 GC heap after
Heap after GC invocations=13 (full 2):
 PSYoungGen      total 71680K, used 14819K [0x00000007a0000000, 0x00000007a5780000, 0x00000007c0000000)
  eden space 56832K, 0% used [0x00000007a0000000,0x00000007a0000000,0x00000007a3780000)
  from space 14848K, 99% used [0x00000007a3880000,0x00000007a46f8fa0,0x00000007a4700000)
  to   space 16384K, 0% used [0x00000007a4780000,0x00000007a4780000,0x00000007a5780000)
 ParOldGen       total 81408K, used 16447K [0x0000000760000000, 0x0000000764f80000, 0x00000007a0000000)
  object space 81408K, 20% used [0x0000000760000000,0x000000076100fe10,0x0000000764f80000)
 Metaspace       used 49951K, capacity 51434K, committed 51632K, reserved 1093632K
  class space    used 6835K, capacity 7246K, committed 7344K, reserved 1048576K
}
Event: 158.822 GC heap before
{Heap before GC invocations=14 (full 2):
 PSYoungGen      total 71680K, used 71651K [0x00000007a0000000, 0x00000007a5780000, 0x00000007c0000000)
  eden space 56832K, 100% used [0x00000007a0000000,0x00000007a3780000,0x00000007a3780000)
  from space 14848K, 99% used [0x00000007a3880000,0x00000007a46f8fa0,0x00000007a4700000)
  to   space 16384K, 0% used [0x00000007a4780000,0x00000007a4780000,0x00000007a5780000)
 ParOldGen       total 81408K, used 16447K [0x0000000760000000, 0x0000000764f80000, 0x00000007a0000000)
  object space 81408K, 20% used [0x0000000760000000,0x000000076100fe10,0x0000000764f80000)
 Metaspace       used 53591K, capacity 55494K, committed 55856K, reserved 1097728K
  class space    used 7417K, capacity 7895K, committed 7984K, reserved 1048576K
Event: 158.847 GC heap after
Heap after GC invocations=14 (full 2):
 PSYoungGen      total 70656K, used 16361K [0x00000007a0000000, 0x00000007a5b80000, 0x00000007c0000000)
  eden space 54272K, 0% used [0x00000007a0000000,0x00000007a0000000,0x00000007a3500000)
  from space 16384K, 99% used [0x00000007a4780000,0x00000007a577a4a8,0x00000007a5780000)
  to   space 18944K, 0% used [0x00000007a3500000,0x00000007a3500000,0x00000007a4780000)
 ParOldGen       total 81408K, used 18091K [0x0000000760000000, 0x0000000764f80000, 0x00000007a0000000)
  object space 81408K, 22% used [0x0000000760000000,0x00000007611aaf60,0x0000000764f80000)
 Metaspace       used 53591K, capacity 55494K, committed 55856K, reserved 1097728K
  class space    used 7417K, capacity 7895K, committed 7984K, reserved 1048576K
}
Event: 165.043 GC heap before
{Heap before GC invocations=15 (full 2):
 PSYoungGen      total 70656K, used 70633K [0x00000007a0000000, 0x00000007a5b80000, 0x00000007c0000000)
  eden space 54272K, 100% used [0x00000007a0000000,0x00000007a3500000,0x00000007a3500000)
  from space 16384K, 99% used [0x00000007a4780000,0x00000007a577a4a8,0x00000007a5780000)
  to   space 18944K, 0% used [0x00000007a3500000,0x00000007a3500000,0x00000007a4780000)
 ParOldGen       total 81408K, used 18091K [0x0000000760000000, 0x0000000764f80000, 0x00000007a0000000)
  object space 81408K, 22% used [0x0000000760000000,0x00000007611aaf60,0x0000000764f80000)
 Metaspace       used 54306K, capacity 56192K, committed 56368K, reserved 1097728K
  class space    used 7486K, capacity 7946K, committed 7984K, reserved 1048576K
Event: 165.081 GC heap after
Heap after GC invocations=15 (full 2):
 PSYoungGen      total 72192K, used 18941K [0x00000007a0000000, 0x00000007a5e00000, 0x00000007c0000000)
  eden space 53248K, 0% used [0x00000007a0000000,0x00000007a0000000,0x00000007a3400000)
  from space 18944K, 99% used [0x00000007a3500000,0x00000007a477f540,0x00000007a4780000)
  to   space 21504K, 0% used [0x00000007a4900000,0x00000007a4900000,0x00000007a5e00000)
 ParOldGen       total 81408K, used 18404K [0x0000000760000000, 0x0000000764f80000, 0x00000007a0000000)
  object space 81408K, 22% used [0x0000000760000000,0x00000007611f9210,0x0000000764f80000)
 Metaspace       used 54306K, capacity 56192K, committed 56368K, reserved 1097728K
  class space    used 7486K, capacity 7946K, committed 7984K, reserved 1048576K
}

Deoptimization events (10 events):
Event: 171.855 Thread 0x00007f924f98d000 Uncommon trap: reason=unstable_if action=reinterpret pc=0x000000010a90910c method=org.gradle.api.internal.changedetection.state.FileCollectionSnapshotBuilder.collectFileSnapshot(Lorg/gradle/api/internal/changedetection/state/FileSnapshot;)V @ 17
Event: 172.216 Thread 0x00007f924f98d000 Uncommon trap: reason=bimorphic action=maybe_recompile pc=0x000000010959facc method=com.sun.org.apache.xerces.internal.dom.NamedNodeMapImpl.findNamePoint(Ljava/lang/String;I)I @ 57
Event: 172.216 Thread 0x00007f924f98d000 Uncommon trap: reason=bimorphic action=maybe_recompile pc=0x000000010959facc method=com.sun.org.apache.xerces.internal.dom.NamedNodeMapImpl.findNamePoint(Ljava/lang/String;I)I @ 57
Event: 172.216 Thread 0x00007f924f98d000 Uncommon trap: reason=bimorphic action=maybe_recompile pc=0x000000010959facc method=com.sun.org.apache.xerces.internal.dom.NamedNodeMapImpl.findNamePoint(Ljava/lang/String;I)I @ 57
Event: 172.216 Thread 0x00007f924f98d000 Uncommon trap: reason=bimorphic action=maybe_recompile pc=0x000000010959facc method=com.sun.org.apache.xerces.internal.dom.NamedNodeMapImpl.findNamePoint(Ljava/lang/String;I)I @ 57
Event: 173.757 Thread 0x00007f924e936000 Uncommon trap: reason=unstable_if action=reinterpret pc=0x00000001094ca684 method=java.util.concurrent.locks.ReentrantReadWriteLock$Sync.tryAcquireShared(I)I @ 13
Event: 173.817 Thread 0x00007f924e936000 Uncommon trap: reason=bimorphic action=maybe_recompile pc=0x000000010a91c968 method=com.google.common.cache.LocalCache$Segment.storeLoadedValue(Ljava/lang/Object;ILcom/google/common/cache/LocalCache$LoadingValueReference;Ljava/lang/Object;)Z @ 91
Event: 173.873 Thread 0x00007f924e936000 Uncommon trap: reason=bimorphic action=maybe_recompile pc=0x000000010a91c968 method=com.google.common.cache.LocalCache$Segment.storeLoadedValue(Ljava/lang/Object;ILcom/google/common/cache/LocalCache$LoadingValueReference;Ljava/lang/Object;)Z @ 91
Event: 173.878 Thread 0x00007f924e936000 Uncommon trap: reason=bimorphic action=maybe_recompile pc=0x000000010a91c968 method=com.google.common.cache.LocalCache$Segment.storeLoadedValue(Ljava/lang/Object;ILcom/google/common/cache/LocalCache$LoadingValueReference;Ljava/lang/Object;)Z @ 91
Event: 173.879 Thread 0x00007f924e936000 Uncommon trap: reason=bimorphic action=maybe_recompile pc=0x000000010a91c968 method=com.google.common.cache.LocalCache$Segment.storeLoadedValue(Ljava/lang/Object;ILcom/google/common/cache/LocalCache$LoadingValueReference;Ljava/lang/Object;)Z @ 91

Internal exceptions (10 events):
Event: 152.706 Thread 0x00007f924f98d000 Exception <a 'java/lang/NoSuchMethodError': <clinit>> (0x00000007a2bfef28) thrown at [/Users/java_re/workspace/8-2-build-macosx-x86_64/jdk8u131/8869/hotspot/src/share/vm/prims/jni.cpp, line 1613]
Event: 152.706 Thread 0x00007f924f98d000 Exception <a 'java/lang/NoSuchMethodError': <clinit>> (0x00000007a2c007d8) thrown at [/Users/java_re/workspace/8-2-build-macosx-x86_64/jdk8u131/8869/hotspot/src/share/vm/prims/jni.cpp, line 1613]
Event: 153.403 Thread 0x00007f924e9ab800 Implicit null exception at 0x000000010a21efa0 to 0x000000010a21fca9
Event: 153.404 Thread 0x00007f924e9ab800 Implicit null exception at 0x000000010a21a9b2 to 0x000000010a21abd5
Event: 153.404 Thread 0x00007f924e9ab800 Implicit null exception at 0x000000010a225076 to 0x000000010a2252a9
Event: 155.758 Thread 0x00007f924e9ab800 Exception <a 'java/lang/NoSuchMethodError': <clinit>> (0x00000007a3072bb8) thrown at [/Users/java_re/workspace/8-2-build-macosx-x86_64/jdk8u131/8869/hotspot/src/share/vm/prims/jni.cpp, line 1613]
Event: 159.719 Thread 0x00007f9254811800 Implicit null exception at 0x000000010a21cedf to 0x000000010a21da6d
Event: 161.475 Thread 0x00007f9254973800 Exception <a 'java/lang/NoSuchMethodError': <clinit>> (0x00000007a0bd5cd8) thrown at [/Users/java_re/workspace/8-2-build-macosx-x86_64/jdk8u131/8869/hotspot/src/share/vm/prims/jni.cpp, line 1613]
Event: 161.476 Thread 0x00007f9254973800 Exception <a 'java/lang/NoSuchMethodError': <clinit>> (0x00000007a1ea73c0) thrown at [/Users/java_re/workspace/8-2-build-macosx-x86_64/jdk8u131/8869/hotspot/src/share/vm/prims/jni.cpp, line 1613]
Event: 166.358 Thread 0x00007f924f98d000 Exception <a 'java/lang/NoSuchMethodError': <clinit>> (0x00000007a0d8cc08) thrown at [/Users/java_re/workspace/8-2-build-macosx-x86_64/jdk8u131/8869/hotspot/src/share/vm/prims/jni.cpp, line 1613]

Events (10 events):
Event: 174.536 loading class com/android/build/gradle/internal/ide/BuildOutputsSupplier
Event: 174.536 loading class com/android/build/gradle/internal/ide/BuildOutputsSupplier done
Event: 174.537 loading class com/google/common/collect/ImmutableList$Builder
Event: 174.537 loading class com/google/common/collect/ImmutableList$Builder done
Event: 174.537 loading class com/android/build/gradle/internal/ide/BuildOutputsSupplier
Event: 174.537 loading class com/android/build/gradle/internal/ide/BuildOutputsSupplier done
Event: 174.538 loading class com/android/build/gradle/internal/ide/DefaultVariantBuildOutput
Event: 174.538 loading class com/android/build/gradle/internal/ide/DefaultVariantBuildOutput done
Event: 174.561 loading class com/android/builder/model/VariantBuildOutput
Event: 174.561 loading class com/android/builder/model/VariantBuildOutput done


Dynamic libraries:
0x0000000008c3a000 	/System/Library/Frameworks/Cocoa.framework/Versions/A/Cocoa
0x0000000008c3a000 	/System/Library/Frameworks/Security.framework/Versions/A/Security
0x0000000008c3a000 	/System/Library/Frameworks/ApplicationServices.framework/Versions/A/ApplicationServices
0x0000000008c3a000 	/usr/lib/libz.1.dylib
0x0000000008c3a000 	/usr/lib/libSystem.B.dylib
0x0000000008c3a000 	/usr/lib/libobjc.A.dylib
0x0000000008c3a000 	/System/Library/Frameworks/CoreFoundation.framework/Versions/A/CoreFoundation
0x0000000008c3a000 	/System/Library/Frameworks/Foundation.framework/Versions/C/Foundation
0x0000000008c3a000 	/System/Library/Frameworks/AppKit.framework/Versions/C/AppKit
0x0000000008c3a000 	/System/Library/Frameworks/CoreData.framework/Versions/A/CoreData
0x0000000008c3a000 	/System/Library/PrivateFrameworks/RemoteViewServices.framework/Versions/A/RemoteViewServices
0x0000000008c3a000 	/System/Library/PrivateFrameworks/UIFoundation.framework/Versions/A/UIFoundation
0x0000000008c3a000 	/System/Library/PrivateFrameworks/DFRFoundation.framework/Versions/A/DFRFoundation
0x0000000008c3a000 	/usr/lib/libenergytrace.dylib
0x0000000008c3a000 	/System/Library/PrivateFrameworks/SkyLight.framework/Versions/A/SkyLight
0x0000000008c3a000 	/System/Library/Frameworks/CoreGraphics.framework/Versions/A/CoreGraphics
0x0000000008c3a000 	/usr/lib/libScreenReader.dylib
0x0000000008c3a000 	/System/Library/Frameworks/Accelerate.framework/Versions/A/Accelerate
0x0000000008c3a000 	/System/Library/Frameworks/IOSurface.framework/Versions/A/IOSurface
0x0000000008c3a000 	/System/Library/Frameworks/AudioToolbox.framework/Versions/A/AudioToolbox
0x0000000008c3a000 	/System/Library/Frameworks/AudioUnit.framework/Versions/A/AudioUnit
0x0000000008c3a000 	/System/Library/PrivateFrameworks/DataDetectorsCore.framework/Versions/A/DataDetectorsCore
0x0000000008c3a000 	/System/Library/PrivateFrameworks/DesktopServicesPriv.framework/Versions/A/DesktopServicesPriv
0x0000000008c3a000 	/System/Library/Frameworks/Carbon.framework/Versions/A/Frameworks/HIToolbox.framework/Versions/A/HIToolbox
0x0000000008c3a000 	/usr/lib/libicucore.A.dylib
0x0000000008c3a000 	/System/Library/Frameworks/QuartzCore.framework/Versions/A/QuartzCore
0x0000000008c3a000 	/System/Library/Frameworks/Carbon.framework/Versions/A/Frameworks/SpeechRecognition.framework/Versions/A/SpeechRecognition
0x0000000008c3a000 	/usr/lib/libauto.dylib
0x0000000008c3a000 	/usr/lib/libxml2.2.dylib
0x0000000008c3a000 	/System/Library/PrivateFrameworks/CoreUI.framework/Versions/A/CoreUI
0x0000000008c3a000 	/System/Library/Frameworks/CoreAudio.framework/Versions/A/CoreAudio
0x0000000008c3a000 	/System/Library/Frameworks/DiskArbitration.framework/Versions/A/DiskArbitration
0x0000000008c3a000 	/usr/lib/liblangid.dylib
0x0000000008c3a000 	/System/Library/PrivateFrameworks/MultitouchSupport.framework/Versions/A/MultitouchSupport
0x0000000008c3a000 	/System/Library/Frameworks/IOKit.framework/Versions/A/IOKit
0x0000000008c3a000 	/usr/lib/libDiagnosticMessagesClient.dylib
0x0000000008c3a000 	/System/Library/Frameworks/CoreServices.framework/Versions/A/CoreServices
0x0000000008c3a000 	/System/Library/PrivateFrameworks/PerformanceAnalysis.framework/Versions/A/PerformanceAnalysis
0x0000000008c3a000 	/System/Library/PrivateFrameworks/GenerationalStorage.framework/Versions/A/GenerationalStorage
0x0000000008c3a000 	/System/Library/Frameworks/OpenGL.framework/Versions/A/OpenGL
0x0000000008c3a000 	/System/Library/Frameworks/CoreImage.framework/Versions/A/CoreImage
0x0000000008c3a000 	/System/Library/Frameworks/CoreText.framework/Versions/A/CoreText
0x0000000008c3a000 	/System/Library/Frameworks/ImageIO.framework/Versions/A/ImageIO
0x0000000008c3a000 	/System/Library/PrivateFrameworks/Backup.framework/Versions/A/Backup
0x0000000008c3a000 	/usr/lib/libarchive.2.dylib
0x0000000008c3a000 	/System/Library/Frameworks/CFNetwork.framework/Versions/A/CFNetwork
0x0000000008c3a000 	/System/Library/Frameworks/SystemConfiguration.framework/Versions/A/SystemConfiguration
0x0000000008c3a000 	/usr/lib/libCRFSuite.dylib
0x0000000008c3a000 	/usr/lib/libc++.1.dylib
0x0000000008c3a000 	/usr/lib/libc++abi.dylib
0x0000000008c3a000 	/usr/lib/system/libcache.dylib
0x0000000008c3a000 	/usr/lib/system/libcommonCrypto.dylib
0x0000000008c3a000 	/usr/lib/system/libcompiler_rt.dylib
0x0000000008c3a000 	/usr/lib/system/libcopyfile.dylib
0x0000000008c3a000 	/usr/lib/system/libcorecrypto.dylib
0x0000000008c3a000 	/usr/lib/system/libdispatch.dylib
0x0000000008c3a000 	/usr/lib/system/libdyld.dylib
0x0000000008c3a000 	/usr/lib/system/libkeymgr.dylib
0x0000000008c3a000 	/usr/lib/system/liblaunch.dylib
0x0000000008c3a000 	/usr/lib/system/libmacho.dylib
0x0000000008c3a000 	/usr/lib/system/libquarantine.dylib
0x0000000008c3a000 	/usr/lib/system/libremovefile.dylib
0x0000000008c3a000 	/usr/lib/system/libsystem_asl.dylib
0x0000000008c3a000 	/usr/lib/system/libsystem_blocks.dylib
0x0000000008c3a000 	/usr/lib/system/libsystem_c.dylib
0x0000000008c3a000 	/usr/lib/system/libsystem_configuration.dylib
0x0000000008c3a000 	/usr/lib/system/libsystem_coreservices.dylib
0x0000000008c3a000 	/usr/lib/system/libsystem_coretls.dylib
0x0000000008c3a000 	/usr/lib/system/libsystem_dnssd.dylib
0x0000000008c3a000 	/usr/lib/system/libsystem_info.dylib
0x0000000008c3a000 	/usr/lib/system/libsystem_kernel.dylib
0x0000000008c3a000 	/usr/lib/system/libsystem_m.dylib
0x0000000008c3a000 	/usr/lib/system/libsystem_malloc.dylib
0x0000000008c3a000 	/usr/lib/system/libsystem_network.dylib
0x0000000008c3a000 	/usr/lib/system/libsystem_networkextension.dylib
0x0000000008c3a000 	/usr/lib/system/libsystem_notify.dylib
0x0000000008c3a000 	/usr/lib/system/libsystem_platform.dylib
0x0000000008c3a000 	/usr/lib/system/libsystem_pthread.dylib
0x0000000008c3a000 	/usr/lib/system/libsystem_sandbox.dylib
0x0000000008c3a000 	/usr/lib/system/libsystem_secinit.dylib
0x0000000008c3a000 	/usr/lib/system/libsystem_symptoms.dylib
0x0000000008c3a000 	/usr/lib/system/libsystem_trace.dylib
0x0000000008c3a000 	/usr/lib/system/libunwind.dylib
0x0000000008c3a000 	/usr/lib/system/libxpc.dylib
0x0000000008c3a000 	/usr/lib/libbsm.0.dylib
0x0000000008c3a000 	/usr/lib/system/libkxld.dylib
0x0000000008c3a000 	/usr/lib/libcoretls.dylib
0x0000000008c3a000 	/usr/lib/libcoretls_cfhelpers.dylib
0x0000000008c3a000 	/usr/lib/libOpenScriptingUtil.dylib
0x0000000008c3a000 	/usr/lib/libpam.2.dylib
0x0000000008c3a000 	/usr/lib/libsqlite3.dylib
0x0000000008c3a000 	/usr/lib/libxar.1.dylib
0x0000000008c3a000 	/usr/lib/libbz2.1.0.dylib
0x0000000008c3a000 	/usr/lib/liblzma.5.dylib
0x0000000008c3a000 	/usr/lib/libnetwork.dylib
0x0000000008c3a000 	/usr/lib/libpcap.A.dylib
0x0000000008c3a000 	/System/Library/Frameworks/CoreServices.framework/Versions/A/Frameworks/FSEvents.framework/Versions/A/FSEvents
0x0000000008c3a000 	/System/Library/Frameworks/CoreServices.framework/Versions/A/Frameworks/CarbonCore.framework/Versions/A/CarbonCore
0x0000000008c3a000 	/System/Library/Frameworks/CoreServices.framework/Versions/A/Frameworks/Metadata.framework/Versions/A/Metadata
0x0000000008c3a000 	/System/Library/Frameworks/CoreServices.framework/Versions/A/Frameworks/OSServices.framework/Versions/A/OSServices
0x0000000008c3a000 	/System/Library/Frameworks/CoreServices.framework/Versions/A/Frameworks/SearchKit.framework/Versions/A/SearchKit
0x0000000008c3a000 	/System/Library/Frameworks/CoreServices.framework/Versions/A/Frameworks/AE.framework/Versions/A/AE
0x0000000008c3a000 	/System/Library/Frameworks/CoreServices.framework/Versions/A/Frameworks/LaunchServices.framework/Versions/A/LaunchServices
0x0000000008c3a000 	/System/Library/Frameworks/CoreServices.framework/Versions/A/Frameworks/DictionaryServices.framework/Versions/A/DictionaryServices
0x0000000008c3a000 	/System/Library/Frameworks/CoreServices.framework/Versions/A/Frameworks/SharedFileList.framework/Versions/A/SharedFileList
0x0000000008c3a000 	/System/Library/Frameworks/NetFS.framework/Versions/A/NetFS
0x0000000008c3a000 	/System/Library/PrivateFrameworks/NetAuth.framework/Versions/A/NetAuth
0x0000000008c3a000 	/System/Library/PrivateFrameworks/login.framework/Versions/A/Frameworks/loginsupport.framework/Versions/A/loginsupport
0x0000000008c3a000 	/System/Library/PrivateFrameworks/TCC.framework/Versions/A/TCC
0x0000000008c3a000 	/usr/lib/libmecabra.dylib
0x0000000008c3a000 	/System/Library/Frameworks/ApplicationServices.framework/Versions/A/Frameworks/ATS.framework/Versions/A/ATS
0x0000000008c3a000 	/System/Library/Frameworks/ApplicationServices.framework/Versions/A/Frameworks/ColorSync.framework/Versions/A/ColorSync
0x0000000008c3a000 	/System/Library/Frameworks/ApplicationServices.framework/Versions/A/Frameworks/HIServices.framework/Versions/A/HIServices
0x0000000008c3a000 	/System/Library/Frameworks/ApplicationServices.framework/Versions/A/Frameworks/LangAnalysis.framework/Versions/A/LangAnalysis
0x0000000008c3a000 	/System/Library/Frameworks/ApplicationServices.framework/Versions/A/Frameworks/PrintCore.framework/Versions/A/PrintCore
0x0000000008c3a000 	/System/Library/Frameworks/ApplicationServices.framework/Versions/A/Frameworks/QD.framework/Versions/A/QD
0x0000000008c3a000 	/System/Library/Frameworks/ApplicationServices.framework/Versions/A/Frameworks/SpeechSynthesis.framework/Versions/A/SpeechSynthesis
0x0000000008c3a000 	/System/Library/Frameworks/Accelerate.framework/Versions/A/Frameworks/vImage.framework/Versions/A/vImage
0x0000000008c3a000 	/System/Library/Frameworks/Accelerate.framework/Versions/A/Frameworks/vecLib.framework/Versions/A/vecLib
0x0000000008c3a000 	/System/Library/Frameworks/Accelerate.framework/Versions/A/Frameworks/vecLib.framework/Versions/A/libvDSP.dylib
0x0000000008c3a000 	/System/Library/Frameworks/Accelerate.framework/Versions/A/Frameworks/vecLib.framework/Versions/A/libBNNS.dylib
0x0000000008c3a000 	/System/Library/Frameworks/Accelerate.framework/Versions/A/Frameworks/vecLib.framework/Versions/A/libQuadrature.dylib
0x0000000008c3a000 	/System/Library/Frameworks/Accelerate.framework/Versions/A/Frameworks/vecLib.framework/Versions/A/libvMisc.dylib
0x0000000008c3a000 	/System/Library/Frameworks/Accelerate.framework/Versions/A/Frameworks/vecLib.framework/Versions/A/libLAPACK.dylib
0x0000000008c3a000 	/System/Library/Frameworks/Accelerate.framework/Versions/A/Frameworks/vecLib.framework/Versions/A/libBLAS.dylib
0x0000000008c3a000 	/System/Library/Frameworks/Accelerate.framework/Versions/A/Frameworks/vecLib.framework/Versions/A/libLinearAlgebra.dylib
0x0000000008c3a000 	/System/Library/Frameworks/Accelerate.framework/Versions/A/Frameworks/vecLib.framework/Versions/A/libSparseBLAS.dylib
0x0000000008c3a000 	/System/Library/Frameworks/ApplicationServices.framework/Versions/A/Frameworks/ATS.framework/Versions/A/Resources/libFontParser.dylib
0x0000000008c3a000 	/System/Library/Frameworks/ApplicationServices.framework/Versions/A/Frameworks/ATS.framework/Versions/A/Resources/libFontRegistry.dylib
0x0000000008c3a000 	/System/Library/Frameworks/ImageIO.framework/Versions/A/Resources/libJPEG.dylib
0x0000000008c3a000 	/System/Library/Frameworks/ImageIO.framework/Versions/A/Resources/libTIFF.dylib
0x0000000008c3a000 	/System/Library/Frameworks/ImageIO.framework/Versions/A/Resources/libPng.dylib
0x0000000008c3a000 	/System/Library/Frameworks/ImageIO.framework/Versions/A/Resources/libGIF.dylib
0x0000000008c3a000 	/System/Library/Frameworks/ImageIO.framework/Versions/A/Resources/libJP2.dylib
0x0000000008c3a000 	/System/Library/Frameworks/ImageIO.framework/Versions/A/Resources/libRadiance.dylib
0x0000000008c3a000 	/usr/lib/libcompression.dylib
0x0000000008c3a000 	/System/Library/PrivateFrameworks/AppleJPEG.framework/Versions/A/AppleJPEG
0x0000000008c3a000 	/usr/lib/libcups.2.dylib
0x0000000008c3a000 	/System/Library/Frameworks/Kerberos.framework/Versions/A/Kerberos
0x0000000008c3a000 	/System/Library/Frameworks/GSS.framework/Versions/A/GSS
0x0000000008c3a000 	/usr/lib/libresolv.9.dylib
0x0000000008c3a000 	/usr/lib/libiconv.2.dylib
0x0000000008c3a000 	/System/Library/PrivateFrameworks/Heimdal.framework/Versions/A/Heimdal
0x0000000008c3a000 	/usr/lib/libheimdal-asn1.dylib
0x0000000008c3a000 	/System/Library/Frameworks/OpenDirectory.framework/Versions/A/OpenDirectory
0x0000000008c3a000 	/System/Library/PrivateFrameworks/CommonAuth.framework/Versions/A/CommonAuth
0x0000000008c3a000 	/System/Library/Frameworks/OpenDirectory.framework/Versions/A/Frameworks/CFOpenDirectory.framework/Versions/A/CFOpenDirectory
0x0000000008c3a000 	/System/Library/Frameworks/SecurityFoundation.framework/Versions/A/SecurityFoundation
0x0000000008c3a000 	/System/Library/PrivateFrameworks/LanguageModeling.framework/Versions/A/LanguageModeling
0x0000000008c3a000 	/usr/lib/libmarisa.dylib
0x0000000008c3a000 	/usr/lib/libChineseTokenizer.dylib
0x0000000008c3a000 	/usr/lib/libcmph.dylib
0x0000000008c3a000 	/System/Library/PrivateFrameworks/CoreEmoji.framework/Versions/A/CoreEmoji
0x0000000008c3a000 	/System/Library/Frameworks/ServiceManagement.framework/Versions/A/ServiceManagement
0x0000000008c3a000 	/usr/lib/libxslt.1.dylib
0x0000000008c3a000 	/System/Library/Frameworks/Carbon.framework/Versions/A/Frameworks/Ink.framework/Versions/A/Ink
0x0000000008c3a000 	/System/Library/PrivateFrameworks/TextureIO.framework/Versions/A/TextureIO
0x0000000008c3a000 	/System/Library/Frameworks/Metal.framework/Versions/A/Metal
0x0000000008c3a000 	/usr/lib/libate.dylib
0x0000000008c3a000 	/System/Library/PrivateFrameworks/GPUCompiler.framework/libmetal_timestamp.dylib
0x0000000008c3a000 	/System/Library/Frameworks/OpenGL.framework/Versions/A/Libraries/libCoreFSCache.dylib
0x0000000008c3a000 	/System/Library/PrivateFrameworks/IOAccelerator.framework/Versions/A/IOAccelerator
0x0000000008c3a000 	/System/Library/Frameworks/CoreVideo.framework/Versions/A/CoreVideo
0x0000000008c3a000 	/usr/lib/libFosl_dynamic.dylib
0x0000000008c3a000 	/System/Library/PrivateFrameworks/MetalPerformanceShaders.framework/Versions/A/MetalPerformanceShaders
0x0000000008c3a000 	/System/Library/PrivateFrameworks/FaceCore.framework/Versions/A/FaceCore
0x0000000008c3a000 	/System/Library/Frameworks/OpenCL.framework/Versions/A/OpenCL
0x0000000008c3a000 	/System/Library/Frameworks/OpenGL.framework/Versions/A/Libraries/libGLU.dylib
0x0000000008c3a000 	/System/Library/Frameworks/OpenGL.framework/Versions/A/Libraries/libGFXShared.dylib
0x0000000008c3a000 	/System/Library/Frameworks/OpenGL.framework/Versions/A/Libraries/libGL.dylib
0x0000000008c3a000 	/System/Library/Frameworks/OpenGL.framework/Versions/A/Libraries/libGLImage.dylib
0x0000000008c3a000 	/System/Library/Frameworks/OpenGL.framework/Versions/A/Libraries/libCVMSPluginSupport.dylib
0x0000000008c3a000 	/System/Library/Frameworks/OpenGL.framework/Versions/A/Libraries/libCoreVMClient.dylib
0x0000000008c3a000 	/System/Library/PrivateFrameworks/CrashReporterSupport.framework/Versions/A/CrashReporterSupport
0x0000000008c3a000 	/System/Library/PrivateFrameworks/Sharing.framework/Versions/A/Sharing
0x0000000008c3a000 	/System/Library/PrivateFrameworks/IconServices.framework/Versions/A/IconServices
0x0000000008c3a000 	/System/Library/PrivateFrameworks/ProtocolBuffer.framework/Versions/A/ProtocolBuffer
0x0000000008c3a000 	/System/Library/PrivateFrameworks/Apple80211.framework/Versions/A/Apple80211
0x0000000008c3a000 	/System/Library/Frameworks/CoreWLAN.framework/Versions/A/CoreWLAN
0x0000000008c3a000 	/System/Library/PrivateFrameworks/CoreUtils.framework/Versions/A/CoreUtils
0x0000000008c3a000 	/System/Library/Frameworks/IOBluetooth.framework/Versions/A/IOBluetooth
0x0000000008c3a000 	/System/Library/PrivateFrameworks/CoreWiFi.framework/Versions/A/CoreWiFi
0x0000000008c3a000 	/System/Library/Frameworks/CoreBluetooth.framework/Versions/A/CoreBluetooth
0x0000000008c3a000 	/System/Library/Frameworks/CoreDisplay.framework/Versions/A/CoreDisplay
0x0000000008c3a000 	/System/Library/PrivateFrameworks/IOPresentment.framework/Versions/A/IOPresentment
0x0000000008c3a000 	/System/Library/PrivateFrameworks/DSExternalDisplay.framework/Versions/A/DSExternalDisplay
0x0000000008c3a000 	/System/Library/PrivateFrameworks/DebugSymbols.framework/Versions/A/DebugSymbols
0x0000000008c3a000 	/System/Library/PrivateFrameworks/CoreSymbolication.framework/Versions/A/CoreSymbolication
0x0000000008c3a000 	/System/Library/PrivateFrameworks/Symbolication.framework/Versions/A/Symbolication
0x0000000008c3a000 	/System/Library/PrivateFrameworks/AppleFSCompression.framework/Versions/A/AppleFSCompression
0x0000000008c3a000 	/System/Library/PrivateFrameworks/SpeechRecognitionCore.framework/Versions/A/SpeechRecognitionCore
0x0000000008c3a000 	/System/Library/PrivateFrameworks/ChunkingLibrary.framework/Versions/A/ChunkingLibrary
0x0000000105800000 	/Library/Java/JavaVirtualMachines/jdk1.8.0_131.jdk/Contents/Home/jre/lib/server/libjvm.dylib
0x0000000008c3a000 	/usr/lib/libstdc++.6.dylib
0x0000000104e91000 	/Library/Java/JavaVirtualMachines/jdk1.8.0_131.jdk/Contents/Home/jre/lib/libverify.dylib
0x0000000104e9f000 	/Library/Java/JavaVirtualMachines/jdk1.8.0_131.jdk/Contents/Home/jre/lib/libjava.dylib
0x0000000104ede000 	/Library/Java/JavaVirtualMachines/jdk1.8.0_131.jdk/Contents/Home/jre/lib/libzip.dylib
0x0000000108d3a000 	/System/Library/Frameworks/JavaVM.framework/Frameworks/JavaRuntimeSupport.framework/JavaRuntimeSupport
0x0000000108d54000 	/System/Library/Frameworks/JavaVM.framework/Versions/A/Frameworks/JavaNativeFoundation.framework/Versions/A/JavaNativeFoundation
0x0000000108d69000 	/System/Library/Frameworks/JavaVM.framework/Versions/A/JavaVM
0x0000000008c3a000 	/System/Library/Frameworks/Carbon.framework/Versions/A/Carbon
0x0000000108d76000 	/System/Library/PrivateFrameworks/JavaLaunching.framework/Versions/A/JavaLaunching
0x0000000008c3a000 	/System/Library/Frameworks/Carbon.framework/Versions/A/Frameworks/CommonPanels.framework/Versions/A/CommonPanels
0x0000000008c3a000 	/System/Library/Frameworks/Carbon.framework/Versions/A/Frameworks/Help.framework/Versions/A/Help
0x0000000008c3a000 	/System/Library/Frameworks/Carbon.framework/Versions/A/Frameworks/ImageCapture.framework/Versions/A/ImageCapture
0x0000000008c3a000 	/System/Library/Frameworks/Carbon.framework/Versions/A/Frameworks/OpenScripting.framework/Versions/A/OpenScripting
0x0000000008c3a000 	/System/Library/Frameworks/Carbon.framework/Versions/A/Frameworks/Print.framework/Versions/A/Print
0x0000000008c3a000 	/System/Library/Frameworks/Carbon.framework/Versions/A/Frameworks/SecurityHI.framework/Versions/A/SecurityHI
0x000000011ce29000 	/Library/Java/JavaVirtualMachines/jdk1.8.0_131.jdk/Contents/Home/jre/lib/libnet.dylib
0x000000011ce40000 	/Library/Java/JavaVirtualMachines/jdk1.8.0_131.jdk/Contents/Home/jre/lib/libnio.dylib
0x00000001091e3000 	/Users/android/.gradle/native/25/osx-amd64/libnative-platform.dylib
0x000000011d1ed000 	/Library/Java/JavaVirtualMachines/jdk1.8.0_131.jdk/Contents/Home/jre/lib/libmanagement.dylib

VM Arguments:
jvm_args: -Xmx1536m -Dfile.encoding=UTF-8 -Duser.country=UZ -Duser.language=en -Duser.variant 
java_command: org.gradle.launcher.daemon.bootstrap.GradleDaemon 4.1
java_class_path (initial): /Users/android/.gradle/wrapper/dists/gradle-4.1-all/bzyivzo6n839fup2jbap0tjew/gradle-4.1/lib/gradle-launcher-4.1.jar
Launcher Type: SUN_STANDARD

Environment Variables:
PATH=/usr/bin:/bin:/usr/sbin:/sbin
SHELL=/bin/bash

Signal Handlers:
SIGSEGV: [libjvm.dylib+0x5b1eb1], sa_mask[0]=11111111011111110111111111111111, sa_flags=SA_ONSTACK|SA_RESTART|SA_SIGINFO
SIGBUS: [libjvm.dylib+0x5b1eb1], sa_mask[0]=11111111011111110111111111111111, sa_flags=SA_RESTART|SA_SIGINFO
SIGFPE: [libjvm.dylib+0x488988], sa_mask[0]=11111111011111110111111111111111, sa_flags=SA_RESTART|SA_SIGINFO
SIGPIPE: [libjvm.dylib+0x488988], sa_mask[0]=11111111011111110111111111111111, sa_flags=SA_RESTART|SA_SIGINFO
SIGXFSZ: [libjvm.dylib+0x488988], sa_mask[0]=11111111011111110111111111111111, sa_flags=SA_RESTART|SA_SIGINFO
SIGILL: [libjvm.dylib+0x488988], sa_mask[0]=11111111011111110111111111111111, sa_flags=SA_RESTART|SA_SIGINFO
SIGUSR1: SIG_DFL, sa_mask[0]=00000000000000000000000000000000, sa_flags=none
SIGUSR2: [libjvm.dylib+0x4884a6], sa_mask[0]=00100000000000000000000000000000, sa_flags=SA_RESTART|SA_SIGINFO
SIGHUP: [libjvm.dylib+0x486a7d], sa_mask[0]=11111111011111110111111111111111, sa_flags=SA_RESTART|SA_SIGINFO
SIGINT: [libjvm.dylib+0x486a7d], sa_mask[0]=11111111011111110111111111111111, sa_flags=SA_RESTART|SA_SIGINFO
SIGTERM: [libjvm.dylib+0x486a7d], sa_mask[0]=11111111011111110111111111111111, sa_flags=SA_RESTART|SA_SIGINFO
SIGQUIT: [libjvm.dylib+0x486a7d], sa_mask[0]=11111111011111110111111111111111, sa_flags=SA_RESTART|SA_SIGINFO


---------------  S Y S T E M  ---------------

OS:Bsduname:Darwin 16.7.0 Darwin Kernel Version 16.7.0: Thu Jan 11 22:59:40 PST 2018; root:xnu-3789.73.8~1/RELEASE_X86_64 x86_64
rlimit: STACK 8192k, CORE 0k, NPROC 709, NOFILE 10240, AS infinity
load average:7.30 4.04 2.35

CPU:total 4 (initial active 4) (2 cores per cpu, 2 threads per core) family 6 model 58 stepping 9, cmov, cx8, fxsr, mmx, sse, sse2, sse3, ssse3, sse4.1, sse4.2, popcnt, avx, aes, clmul, erms, ht, tsc, tscinvbit, tscinv

Memory: 4k page, physical 16777216k(3378420k free)

/proc/meminfo:


vm_info: Java HotSpot(TM) 64-Bit Server VM (25.131-b11) for bsd-amd64 JRE (1.8.0_131-b11), built on Mar 15 2017 01:32:22 by "java_re" with gcc 4.2.1 (Based on Apple Inc. build 5658) (LLVM build 2336.11.00)

time: Mon Apr 16 00:21:25 2018
elapsed time: 174 seconds (0d 0h 2m 54s)

